07-11 04:48 root         INFO     Startup
07-11 04:48 root         INFO     Environment:
07-11 04:48 root         INFO       INSTALLER_BASE=https://cdn.asahilinux.org/installer
07-11 04:48 root         INFO       INSTALLER_DATA=https://github.com/AsahiLinux/asahi-installer/raw/prod/data/installer_data.json
07-11 04:48 root         INFO       REPO_BASE=https://cdn.asahilinux.org
07-11 04:48 root         INFO       IPSW_BASE=None
07-11 04:48 root         INFO     Version: v0.3.28

07-11 04:48 root         INFO     MSG: Welcome to the Asahi Linux installer!
07-11 04:48 root         INFO     MSG: This installer is in an alpha state, and may not work for everyone.
07-11 04:48 root         INFO     MSG: It is intended for developers and early adopters who are comfortable
07-11 04:48 root         INFO     MSG: debugging issues or providing detailed bug reports.
07-11 04:48 root         INFO     MSG: Please make sure you are familiar with our documentation at:
07-11 04:48 root         INFO     MSG:   [34;1mhttps://alx.sh/w[m[m
07-11 04:48 root         INFO     MSG: Press enter to continue.
07-11 04:48 root         INFO     MSG: By default, this installer will hide certain advanced options that
07-11 04:48 root         INFO     MSG: are only useful for developers. You can enable expert mode to show them.
07-11 04:48 root         INFO     MSG: [1;37m»[1;36m Enable expert mode? (y/N): [m
07-11 04:49 root         INFO     INPUT: 'y'
07-11 04:49 root         INFO     MSG: Collecting system information...
07-11 04:49 root         INFO     MSG:   Product name: [mMacBook Air (M1, 2020)[m
07-11 04:49 root         INFO     MSG:   SoC: [mApple M1[m
07-11 04:49 root         INFO     MSG:   Device class: [mj313ap[m
07-11 04:49 root         INFO     MSG:   Product type: [mMacBookAir10,1[m
07-11 04:49 root         INFO     MSG:   Board ID: [m0x26[m
07-11 04:49 root         INFO     MSG:   Chip ID: [m0x8103[m
07-11 04:49 root         INFO     MSG:   System firmware: [miBoot-7459.121.3[m
07-11 04:49 root         INFO     MSG:   Boot UUID: [m9D5F6DAA-1BA4-4D16-8DF4-9D601AC246F0[m
07-11 04:49 root         INFO     MSG:   Boot VGID: [m9D5F6DAA-1BA4-4D16-8DF4-9D601AC246F0[m
07-11 04:49 root         INFO     MSG:   Default boot VGID: [m9D5F6DAA-1BA4-4D16-8DF4-9D601AC246F0[m
07-11 04:49 root         INFO     MSG:   Boot mode: [mmacOS[m
07-11 04:49 root         INFO     MSG:   OS version: [m12.4 (21F79)[m
07-11 04:49 root         INFO     MSG:   System rOS version: [m12.4 (21F79)[m
07-11 04:49 root         INFO     MSG:   No Fallback rOS
07-11 04:49 root         INFO     MSG:   Login user: [mgorhinstroebel[m
07-11 04:49 root         INFO     MSG: Collecting partition information...
07-11 04:49 root         INFO     DiskUtil.get_info()
07-11 04:49 root         INFO     DiskUtil.get_list()
07-11 04:49 root         DEBUG    get: diskutil ('list', '-plist')
07-11 04:49 root         DEBUG      Whole disks:
07-11 04:49 root         DEBUG      - 'disk0'
07-11 04:49 root         DEBUG      - 'disk1'
07-11 04:49 root         DEBUG      - 'disk2'
07-11 04:49 root         DEBUG      - 'disk3'
07-11 04:49 root         DEBUG      All disks and partitions:
07-11 04:49 root         DEBUG      - disk0: {'Content': 'GUID_partition_scheme', 'DeviceIdentifier': 'disk0', 'OSInternal': False, 'Partitions': [{'Content': 'Apple_APFS_ISC', 'DeviceIdentifier': 'disk0s1', 'DiskUUID': '75A055A0-779B-4EA2-8B46-D2C87D33CA46', 'Size': 524288000}, {'Content': 'Apple_APFS', 'DeviceIdentifier': 'disk0s2', 'DiskUUID': 'DFA37151-05CD-48C7-8DC6-A1D882968DD3', 'Size': 245107195904}, {'Content': 'Apple_APFS_Recovery', 'DeviceIdentifier': 'disk0s3', 'DiskUUID': 'D0B8463F-0262-4459-A411-905EC7305CCB', 'Size': 5368664064}], 'Size': 251000193024}
07-11 04:49 root         DEBUG      - disk1: {'APFSPhysicalStores': [{'DeviceIdentifier': 'disk0s1'}], 'APFSVolumes': [{'DeviceIdentifier': 'disk1s1', 'DiskUUID': '595EC73C-B300-455B-AA48-9E3BF616815B', 'MountPoint': '/System/Volumes/iSCPreboot', 'MountedSnapshots': [], 'OSInternal': True, 'Size': 524288000, 'VolumeName': 'iSCPreboot', 'VolumeUUID': '595EC73C-B300-455B-AA48-9E3BF616815B'}, {'DeviceIdentifier': 'disk1s2', 'DiskUUID': '2BC11729-35D4-41E3-B546-918FF000D5CD', 'MountPoint': '/System/Volumes/xarts', 'MountedSnapshots': [], 'OSInternal': True, 'Size': 524288000, 'VolumeName': 'xART', 'VolumeUUID': '2BC11729-35D4-41E3-B546-918FF000D5CD'}, {'DeviceIdentifier': 'disk1s3', 'DiskUUID': 'C6D7F8D4-11E9-40BC-BCD0-11337A8A476F', 'MountPoint': '/System/Volumes/Hardware', 'MountedSnapshots': [], 'OSInternal': True, 'Size': 524288000, 'VolumeName': 'Hardware', 'VolumeUUID': 'C6D7F8D4-11E9-40BC-BCD0-11337A8A476F'}, {'DeviceIdentifier': 'disk1s4', 'DiskUUID': '9D01505B-B386-473A-AD63-1C540AFAA5A2', 'MountedSnapshots': [], 'OSInternal': True, 'Size': 524288000, 'VolumeName': 'Recovery', 'VolumeUUID': '9D01505B-B386-473A-AD63-1C540AFAA5A2'}], 'Content': 'EF57347C-0000-11AA-AA11-00306543ECAC', 'DeviceIdentifier': 'disk1', 'OSInternal': True, 'Partitions': [], 'Size': 524288000}
07-11 04:49 root         DEBUG      - disk2: {'APFSPhysicalStores': [{'DeviceIdentifier': 'disk0s3'}], 'APFSVolumes': [{'DeviceIdentifier': 'disk2s1', 'DiskUUID': '5BC37D30-E9EB-4EFD-9059-EED6BFEFE75E', 'MountedSnapshots': [], 'OSInternal': True, 'Size': 5368664064, 'VolumeName': 'Recovery', 'VolumeUUID': '5BC37D30-E9EB-4EFD-9059-EED6BFEFE75E'}, {'DeviceIdentifier': 'disk2s2', 'DiskUUID': '967B6AAC-AE61-454C-A352-689600D07061', 'MountedSnapshots': [], 'OSInternal': True, 'Size': 5368664064, 'VolumeName': 'Update', 'VolumeUUID': '967B6AAC-AE61-454C-A352-689600D07061'}], 'Content': 'EF57347C-0000-11AA-AA11-00306543ECAC', 'DeviceIdentifier': 'disk2', 'OSInternal': True, 'Partitions': [], 'Size': 5368664064}
07-11 04:49 root         DEBUG      - disk3: {'APFSPhysicalStores': [{'DeviceIdentifier': 'disk0s2'}], 'APFSVolumes': [{'DeviceIdentifier': 'disk3s1', 'DiskUUID': '9D5F6DAA-1BA4-4D16-8DF4-9D601AC246F0', 'MountPoint': '/System/Volumes/Data', 'MountedSnapshots': [], 'OSInternal': False, 'Size': 245107195904, 'VolumeName': 'Macintosh HD - Data', 'VolumeUUID': '9D5F6DAA-1BA4-4D16-8DF4-9D601AC246F0'}, {'DeviceIdentifier': 'disk3s2', 'DiskUUID': 'AAB0A713-B961-41B3-B4E3-FE8E20732E24', 'MountPoint': '/System/Volumes/Update', 'MountedSnapshots': [], 'OSInternal': True, 'Size': 245107195904, 'VolumeName': 'Update', 'VolumeUUID': 'AAB0A713-B961-41B3-B4E3-FE8E20732E24'}, {'DeviceIdentifier': 'disk3s3', 'DiskUUID': '76A0DFBB-3CD0-417C-9D12-1C2B0F6BE45D', 'MountPoint': '/System/Volumes/Update/mnt1', 'MountedSnapshots': [{'Sealed': 'Yes', 'SnapshotBSD': 'disk3s3s1', 'SnapshotMountPoint': '/', 'SnapshotName': 'com.apple.os.update-7EA35BFB9E3CE952943169CCD96F7302C982BB6FB6412C9EA2E7A118E2B6CC5E', 'SnapshotUUID': '9ED86CFE-16B3-4793-972D-287D92468BAD'}], 'OSInternal': False, 'Size': 245107195904, 'VolumeName': 'Macintosh HD', 'VolumeUUID': '76A0DFBB-3CD0-417C-9D12-1C2B0F6BE45D'}, {'DeviceIdentifier': 'disk3s3s1', 'DiskUUID': '9ED86CFE-16B3-4793-972D-287D92468BAD', 'MountPoint': '/', 'OSInternal': False, 'Size': 245107195904, 'VolumeName': 'Macintosh HD', 'VolumeUUID': '9ED86CFE-16B3-4793-972D-287D92468BAD'}, {'DeviceIdentifier': 'disk3s4', 'DiskUUID': '0AEC6B3C-3E8B-4238-9E9A-34BD4F743130', 'MountPoint': '/System/Volumes/Preboot', 'MountedSnapshots': [], 'OSInternal': False, 'Size': 245107195904, 'VolumeName': 'Preboot', 'VolumeUUID': '0AEC6B3C-3E8B-4238-9E9A-34BD4F743130'}, {'DeviceIdentifier': 'disk3s5', 'DiskUUID': '9151E258-8F7B-4E91-A205-3B193104FD13', 'MountPoint': '/Volumes/Recovery', 'MountedSnapshots': [], 'OSInternal': False, 'Size': 245107195904, 'VolumeName': 'Recovery', 'VolumeUUID': '9151E258-8F7B-4E91-A205-3B193104FD13'}, {'DeviceIdentifier': 'disk3s6', 'DiskUUID': '3BABABAC-5F6F-408C-8619-C3FAB978FD14', 'MountPoint': '/System/Volumes/VM', 'MountedSnapshots': [], 'OSInternal': False, 'Size': 245107195904, 'VolumeName': 'VM', 'VolumeUUID': '3BABABAC-5F6F-408C-8619-C3FAB978FD14'}], 'Content': 'EF57347C-0000-11AA-AA11-00306543ECAC', 'DeviceIdentifier': 'disk3', 'OSInternal': False, 'Partitions': [], 'Size': 245107195904}
07-11 04:49 root         INFO     DiskUtil.get_apfs_list(dev=None)
07-11 04:49 root         DEBUG    get: diskutil ('apfs', 'list', '-plist')
07-11 04:49 root         DEBUG    get: diskutil ('apfs', 'listVolumeGroups', 'disk1', '-plist')
07-11 04:49 root         DEBUG    container: {'APFSContainerUUID': '4AA9AEB4-6A93-45EC-AB84-CCB6F00BBE08', 'CapacityCeiling': 524288000, 'CapacityFree': 504811520, 'ContainerReference': 'disk1', 'DesignatedPhysicalStore': 'disk0s1', 'Fusion': False, 'PhysicalStores': [{'DeviceIdentifier': 'disk0s1', 'DiskUUID': '75A055A0-779B-4EA2-8B46-D2C87D33CA46', 'Size': 524288000}], 'Volumes': [{'APFSVolumeUUID': '595EC73C-B300-455B-AA48-9E3BF616815B', 'CapacityInUse': 7688192, 'CapacityQuota': 0, 'CapacityReserve': 0, 'CryptoMigrationOn': False, 'DeviceIdentifier': 'disk1s1', 'Encryption': False, 'FileVault': False, 'Locked': False, 'Name': 'iSCPreboot', 'Roles': ['Preboot']}, {'APFSVolumeUUID': '2BC11729-35D4-41E3-B546-918FF000D5CD', 'CapacityInUse': 6311936, 'CapacityQuota': 0, 'CapacityReserve': 0, 'CryptoMigrationOn': False, 'DeviceIdentifier': 'disk1s2', 'Encryption': False, 'FileVault': False, 'Locked': False, 'Name': 'xART', 'Roles': ['xART']}, {'APFSVolumeUUID': 'C6D7F8D4-11E9-40BC-BCD0-11337A8A476F', 'CapacityInUse': 499712, 'CapacityQuota': 0, 'CapacityReserve': 0, 'CryptoMigrationOn': False, 'DeviceIdentifier': 'disk1s3', 'Encryption': False, 'FileVault': False, 'Locked': False, 'Name': 'Hardware', 'Roles': ['Hardware']}, {'APFSVolumeUUID': '9D01505B-B386-473A-AD63-1C540AFAA5A2', 'CapacityInUse': 20480, 'CapacityQuota': 0, 'CapacityReserve': 0, 'CryptoMigrationOn': False, 'DeviceIdentifier': 'disk1s4', 'Encryption': False, 'FileVault': False, 'Locked': False, 'Name': 'Recovery', 'Roles': ['Recovery']}]}
07-11 04:49 root         DEBUG      VGs: {'Containers': [{'APFSContainerUUID': '4AA9AEB4-6A93-45EC-AB84-CCB6F00BBE08', 'ContainerReference': 'disk1', 'VolumeGroups': []}]}
07-11 04:49 root         DEBUG    get: diskutil ('apfs', 'listVolumeGroups', 'disk2', '-plist')
07-11 04:49 root         DEBUG    container: {'APFSContainerUUID': '1428F4C8-8C07-4F6E-BB16-6CEBFF140E03', 'CapacityCeiling': 5368664064, 'CapacityFree': 3644071936, 'ContainerReference': 'disk2', 'DesignatedPhysicalStore': 'disk0s3', 'Fusion': False, 'PhysicalStores': [{'DeviceIdentifier': 'disk0s3', 'DiskUUID': 'D0B8463F-0262-4459-A411-905EC7305CCB', 'Size': 5368664064}], 'Volumes': [{'APFSVolumeUUID': '5BC37D30-E9EB-4EFD-9059-EED6BFEFE75E', 'CapacityInUse': 1704697856, 'CapacityQuota': 0, 'CapacityReserve': 0, 'CryptoMigrationOn': False, 'DeviceIdentifier': 'disk2s1', 'Encryption': False, 'FileVault': False, 'Locked': False, 'Name': 'Recovery', 'Roles': ['Recovery']}, {'APFSVolumeUUID': '967B6AAC-AE61-454C-A352-689600D07061', 'CapacityInUse': 151552, 'CapacityQuota': 0, 'CapacityReserve': 0, 'CryptoMigrationOn': False, 'DeviceIdentifier': 'disk2s2', 'Encryption': False, 'FileVault': False, 'Locked': False, 'Name': 'Update', 'Roles': ['Update']}]}
07-11 04:49 root         DEBUG      VGs: {'Containers': [{'APFSContainerUUID': '1428F4C8-8C07-4F6E-BB16-6CEBFF140E03', 'ContainerReference': 'disk2', 'VolumeGroups': []}]}
07-11 04:49 root         DEBUG    get: diskutil ('apfs', 'listVolumeGroups', 'disk3', '-plist')
07-11 04:49 root         DEBUG    container: {'APFSContainerUUID': '39426AE3-0DCD-4B6C-A400-755915D294B8', 'CapacityCeiling': 245107195904, 'CapacityFree': 59326611456, 'ContainerReference': 'disk3', 'DesignatedPhysicalStore': 'disk0s2', 'Fusion': False, 'PhysicalStores': [{'DeviceIdentifier': 'disk0s2', 'DiskUUID': 'DFA37151-05CD-48C7-8DC6-A1D882968DD3', 'Size': 245107195904}], 'Volumes': [{'APFSVolumeUUID': '9D5F6DAA-1BA4-4D16-8DF4-9D601AC246F0', 'CapacityInUse': 159408041984, 'CapacityQuota': 0, 'CapacityReserve': 0, 'CryptoMigrationOn': False, 'DeviceIdentifier': 'disk3s1', 'Encryption': True, 'FileVault': True, 'Locked': False, 'Name': 'Macintosh HD - Data', 'Roles': ['Data']}, {'APFSVolumeUUID': 'AAB0A713-B961-41B3-B4E3-FE8E20732E24', 'CapacityInUse': 693174272, 'CapacityQuota': 0, 'CapacityReserve': 0, 'CryptoMigrationOn': False, 'DeviceIdentifier': 'disk3s2', 'Encryption': False, 'FileVault': False, 'Locked': False, 'Name': 'Update', 'Roles': ['Update']}, {'APFSVolumeUUID': '76A0DFBB-3CD0-417C-9D12-1C2B0F6BE45D', 'CapacityInUse': 23292043264, 'CapacityQuota': 0, 'CapacityReserve': 0, 'CryptoMigrationOn': False, 'DeviceIdentifier': 'disk3s3', 'Encryption': True, 'FileVault': True, 'Locked': False, 'Name': 'Macintosh HD', 'Roles': ['System']}, {'APFSVolumeUUID': '0AEC6B3C-3E8B-4238-9E9A-34BD4F743130', 'CapacityInUse': 636354560, 'CapacityQuota': 0, 'CapacityReserve': 0, 'CryptoMigrationOn': False, 'DeviceIdentifier': 'disk3s4', 'Encryption': False, 'FileVault': False, 'Locked': False, 'Name': 'Preboot', 'Roles': ['Preboot']}, {'APFSVolumeUUID': '9151E258-8F7B-4E91-A205-3B193104FD13', 'CapacityInUse': 1613664256, 'CapacityQuota': 0, 'CapacityReserve': 0, 'CryptoMigrationOn': False, 'DeviceIdentifier': 'disk3s5', 'Encryption': False, 'FileVault': False, 'Locked': False, 'Name': 'Recovery', 'Roles': ['Recovery']}, {'APFSVolumeUUID': '3BABABAC-5F6F-408C-8619-C3FAB978FD14', 'CapacityInUse': 20480, 'CapacityQuota': 0, 'CapacityReserve': 0, 'CryptoMigrationOn': False, 'DeviceIdentifier': 'disk3s6', 'Encryption': False, 'FileVault': False, 'Locked': False, 'Name': 'VM', 'Roles': ['VM']}]}
07-11 04:49 root         DEBUG      VGs: {'Containers': [{'APFSContainerUUID': '39426AE3-0DCD-4B6C-A400-755915D294B8', 'ContainerReference': 'disk3', 'VolumeGroups': [{'APFSVolumeGroupUUID': '9D5F6DAA-1BA4-4D16-8DF4-9D601AC246F0', 'Volumes': [{'DeviceIdentifier': 'disk3s1', 'DiskUUID': '9D5F6DAA-1BA4-4D16-8DF4-9D601AC246F0', 'NoBrowseRole': False, 'Role': 'Data'}, {'DeviceIdentifier': 'disk3s3', 'DiskUUID': '76A0DFBB-3CD0-417C-9D12-1C2B0F6BE45D', 'NoBrowseRole': False, 'Role': 'System'}]}]}]}
07-11 04:49 root         INFO     DiskUtil.get_disk_info()
07-11 04:49 root         DEBUG    get: diskutil ('info', '-plist', 'disk0')
07-11 04:49 root         DEBUG     disk0: {'AESHardware': True, 'Bootable': False, 'BusProtocol': 'Apple Fabric', 'CanBeMadeBootable': False, 'CanBeMadeBootableRequiresDestroy': False, 'Content': 'GUID_partition_scheme', 'DeviceBlockSize': 4096, 'DeviceIdentifier': 'disk0', 'DeviceNode': '/dev/disk0', 'DeviceTreePath': 'IODeviceTree:/arm-io@10F00000/ans@77400000/iop-ans-nub/AppleANS3NVMeController', 'Ejectable': False, 'EjectableMediaAutomaticUnderSoftwareControl': False, 'EjectableOnly': False, 'FreeSpace': 0, 'GlobalPermissionsEnabled': False, 'IOKitSize': 251000193024, 'IORegistryEntryName': 'APPLE SSD AP0256Q Media', 'Internal': True, 'LowLevelFormatSupported': False, 'MediaName': 'APPLE SSD AP0256Q', 'MediaType': 'Generic', 'MountPoint': '', 'OS9DriversInstalled': False, 'OSInternalMedia': False, 'ParentWholeDisk': 'disk0', 'PartitionMapPartition': False, 'RAIDMaster': False, 'RAIDSlice': False, 'Removable': False, 'RemovableMedia': False, 'RemovableMediaOrExternalDevice': False, 'SMARTDeviceSpecificKeysMayVaryNotGuaranteed': {'AVAILABLE_SPARE': 100, 'AVAILABLE_SPARE_THRESHOLD': 99, 'CONTROLLER_BUSY_TIME_0': 0, 'CONTROLLER_BUSY_TIME_1': 0, 'DATA_UNITS_READ_0': 22394333, 'DATA_UNITS_READ_1': 0, 'DATA_UNITS_WRITTEN_0': 12900987, 'DATA_UNITS_WRITTEN_1': 0, 'HOST_READ_COMMANDS_0': 339705094, 'HOST_READ_COMMANDS_1': 0, 'HOST_WRITE_COMMANDS_0': 157835094, 'HOST_WRITE_COMMANDS_1': 0, 'MEDIA_ERRORS_0': 0, 'MEDIA_ERRORS_1': 0, 'NUM_ERROR_INFO_LOG_ENTRIES_0': 0, 'NUM_ERROR_INFO_LOG_ENTRIES_1': 0, 'PERCENTAGE_USED': 0, 'POWER_CYCLES_0': 174, 'POWER_CYCLES_1': 0, 'POWER_ON_HOURS_0': 167, 'POWER_ON_HOURS_1': 0, 'TEMPERATURE': 302, 'UNSAFE_SHUTDOWNS_0': 36, 'UNSAFE_SHUTDOWNS_1': 0}, 'SMARTStatus': 'Verified', 'Size': 251000193024, 'SolidState': True, 'SupportsGlobalPermissionsDisable': False, 'SystemImage': False, 'TotalSize': 251000193024, 'VirtualOrPhysical': 'Unknown', 'VolumeName': '', 'VolumeSize': 0, 'WholeDisk': True, 'Writable': True, 'WritableMedia': True, 'WritableVolume': False}
07-11 04:49 root         DEBUG    get: diskutil ('info', '-plist', 'disk1')
07-11 04:49 root         DEBUG     disk1: {'AESHardware': True, 'APFSContainerReference': 'disk1', 'APFSPhysicalStores': [{'APFSPhysicalStore': 'disk0s1'}], 'Bootable': False, 'BusProtocol': 'Apple Fabric', 'CanBeMadeBootable': False, 'CanBeMadeBootableRequiresDestroy': False, 'Content': 'EF57347C-0000-11AA-AA11-00306543ECAC', 'DeviceBlockSize': 4096, 'DeviceIdentifier': 'disk1', 'DeviceNode': '/dev/disk1', 'DeviceTreePath': 'IODeviceTree:/arm-io@10F00000/ans@77400000/iop-ans-nub/AppleANS3NVMeController', 'DiskUUID': '4AA9AEB4-6A93-45EC-AB84-CCB6F00BBE08', 'Ejectable': False, 'EjectableMediaAutomaticUnderSoftwareControl': False, 'EjectableOnly': False, 'FreeSpace': 0, 'Fusion': False, 'GlobalPermissionsEnabled': False, 'IOKitSize': 524288000, 'IORegistryEntryName': 'AppleAPFSMedia', 'Internal': True, 'LowLevelFormatSupported': False, 'MediaName': 'APPLE SSD AP0256Q', 'MediaType': 'Generic', 'MountPoint': '', 'OS9DriversInstalled': False, 'OSInternalMedia': True, 'ParentWholeDisk': 'disk1', 'PartitionMapPartition': False, 'RAIDMaster': False, 'RAIDSlice': False, 'Removable': False, 'RemovableMedia': False, 'RemovableMediaOrExternalDevice': False, 'SMARTDeviceSpecificKeysMayVaryNotGuaranteed': {'AVAILABLE_SPARE': 100, 'AVAILABLE_SPARE_THRESHOLD': 99, 'CONTROLLER_BUSY_TIME_0': 0, 'CONTROLLER_BUSY_TIME_1': 0, 'DATA_UNITS_READ_0': 22394333, 'DATA_UNITS_READ_1': 0, 'DATA_UNITS_WRITTEN_0': 12900987, 'DATA_UNITS_WRITTEN_1': 0, 'HOST_READ_COMMANDS_0': 339705094, 'HOST_READ_COMMANDS_1': 0, 'HOST_WRITE_COMMANDS_0': 157835094, 'HOST_WRITE_COMMANDS_1': 0, 'MEDIA_ERRORS_0': 0, 'MEDIA_ERRORS_1': 0, 'NUM_ERROR_INFO_LOG_ENTRIES_0': 0, 'NUM_ERROR_INFO_LOG_ENTRIES_1': 0, 'PERCENTAGE_USED': 0, 'POWER_CYCLES_0': 174, 'POWER_CYCLES_1': 0, 'POWER_ON_HOURS_0': 167, 'POWER_ON_HOURS_1': 0, 'TEMPERATURE': 302, 'UNSAFE_SHUTDOWNS_0': 36, 'UNSAFE_SHUTDOWNS_1': 0}, 'SMARTStatus': 'Verified', 'Size': 524288000, 'SolidState': True, 'SupportsGlobalPermissionsDisable': False, 'SystemImage': False, 'TotalSize': 524288000, 'VirtualOrPhysical': 'Virtual', 'VolumeName': '', 'VolumeSize': 0, 'WholeDisk': True, 'Writable': True, 'WritableMedia': True, 'WritableVolume': False}
07-11 04:49 root         DEBUG    get: diskutil ('info', '-plist', 'disk2')
07-11 04:49 root         DEBUG     disk2: {'AESHardware': True, 'APFSContainerReference': 'disk2', 'APFSPhysicalStores': [{'APFSPhysicalStore': 'disk0s3'}], 'Bootable': False, 'BusProtocol': 'Apple Fabric', 'CanBeMadeBootable': False, 'CanBeMadeBootableRequiresDestroy': False, 'Content': 'EF57347C-0000-11AA-AA11-00306543ECAC', 'DeviceBlockSize': 4096, 'DeviceIdentifier': 'disk2', 'DeviceNode': '/dev/disk2', 'DeviceTreePath': 'IODeviceTree:/arm-io@10F00000/ans@77400000/iop-ans-nub/AppleANS3NVMeController', 'DiskUUID': '1428F4C8-8C07-4F6E-BB16-6CEBFF140E03', 'Ejectable': False, 'EjectableMediaAutomaticUnderSoftwareControl': False, 'EjectableOnly': False, 'FreeSpace': 0, 'Fusion': False, 'GlobalPermissionsEnabled': False, 'IOKitSize': 5368664064, 'IORegistryEntryName': 'AppleAPFSMedia', 'Internal': True, 'LowLevelFormatSupported': False, 'MediaName': 'APPLE SSD AP0256Q', 'MediaType': 'Generic', 'MountPoint': '', 'OS9DriversInstalled': False, 'OSInternalMedia': True, 'ParentWholeDisk': 'disk2', 'PartitionMapPartition': False, 'RAIDMaster': False, 'RAIDSlice': False, 'Removable': False, 'RemovableMedia': False, 'RemovableMediaOrExternalDevice': False, 'SMARTDeviceSpecificKeysMayVaryNotGuaranteed': {'AVAILABLE_SPARE': 100, 'AVAILABLE_SPARE_THRESHOLD': 99, 'CONTROLLER_BUSY_TIME_0': 0, 'CONTROLLER_BUSY_TIME_1': 0, 'DATA_UNITS_READ_0': 22394333, 'DATA_UNITS_READ_1': 0, 'DATA_UNITS_WRITTEN_0': 12900987, 'DATA_UNITS_WRITTEN_1': 0, 'HOST_READ_COMMANDS_0': 339705094, 'HOST_READ_COMMANDS_1': 0, 'HOST_WRITE_COMMANDS_0': 157835094, 'HOST_WRITE_COMMANDS_1': 0, 'MEDIA_ERRORS_0': 0, 'MEDIA_ERRORS_1': 0, 'NUM_ERROR_INFO_LOG_ENTRIES_0': 0, 'NUM_ERROR_INFO_LOG_ENTRIES_1': 0, 'PERCENTAGE_USED': 0, 'POWER_CYCLES_0': 174, 'POWER_CYCLES_1': 0, 'POWER_ON_HOURS_0': 167, 'POWER_ON_HOURS_1': 0, 'TEMPERATURE': 302, 'UNSAFE_SHUTDOWNS_0': 36, 'UNSAFE_SHUTDOWNS_1': 0}, 'SMARTStatus': 'Verified', 'Size': 5368664064, 'SolidState': True, 'SupportsGlobalPermissionsDisable': False, 'SystemImage': False, 'TotalSize': 5368664064, 'VirtualOrPhysical': 'Virtual', 'VolumeName': '', 'VolumeSize': 0, 'WholeDisk': True, 'Writable': True, 'WritableMedia': True, 'WritableVolume': False}
07-11 04:49 root         DEBUG    get: diskutil ('info', '-plist', 'disk3')
07-11 04:49 root         DEBUG     disk3: {'AESHardware': True, 'APFSContainerReference': 'disk3', 'APFSPhysicalStores': [{'APFSPhysicalStore': 'disk0s2'}], 'Bootable': False, 'BusProtocol': 'Apple Fabric', 'CanBeMadeBootable': False, 'CanBeMadeBootableRequiresDestroy': False, 'Content': 'EF57347C-0000-11AA-AA11-00306543ECAC', 'DeviceBlockSize': 4096, 'DeviceIdentifier': 'disk3', 'DeviceNode': '/dev/disk3', 'DeviceTreePath': 'IODeviceTree:/arm-io@10F00000/ans@77400000/iop-ans-nub/AppleANS3NVMeController', 'DiskUUID': '39426AE3-0DCD-4B6C-A400-755915D294B8', 'Ejectable': False, 'EjectableMediaAutomaticUnderSoftwareControl': False, 'EjectableOnly': False, 'FreeSpace': 0, 'Fusion': False, 'GlobalPermissionsEnabled': False, 'IOKitSize': 245107195904, 'IORegistryEntryName': 'AppleAPFSMedia', 'Internal': True, 'LowLevelFormatSupported': False, 'MediaName': 'APPLE SSD AP0256Q', 'MediaType': 'Generic', 'MountPoint': '', 'OS9DriversInstalled': False, 'OSInternalMedia': False, 'ParentWholeDisk': 'disk3', 'PartitionMapPartition': False, 'RAIDMaster': False, 'RAIDSlice': False, 'Removable': False, 'RemovableMedia': False, 'RemovableMediaOrExternalDevice': False, 'SMARTDeviceSpecificKeysMayVaryNotGuaranteed': {'AVAILABLE_SPARE': 100, 'AVAILABLE_SPARE_THRESHOLD': 99, 'CONTROLLER_BUSY_TIME_0': 0, 'CONTROLLER_BUSY_TIME_1': 0, 'DATA_UNITS_READ_0': 22394333, 'DATA_UNITS_READ_1': 0, 'DATA_UNITS_WRITTEN_0': 12900988, 'DATA_UNITS_WRITTEN_1': 0, 'HOST_READ_COMMANDS_0': 339705094, 'HOST_READ_COMMANDS_1': 0, 'HOST_WRITE_COMMANDS_0': 157835158, 'HOST_WRITE_COMMANDS_1': 0, 'MEDIA_ERRORS_0': 0, 'MEDIA_ERRORS_1': 0, 'NUM_ERROR_INFO_LOG_ENTRIES_0': 0, 'NUM_ERROR_INFO_LOG_ENTRIES_1': 0, 'PERCENTAGE_USED': 0, 'POWER_CYCLES_0': 174, 'POWER_CYCLES_1': 0, 'POWER_ON_HOURS_0': 167, 'POWER_ON_HOURS_1': 0, 'TEMPERATURE': 302, 'UNSAFE_SHUTDOWNS_0': 36, 'UNSAFE_SHUTDOWNS_1': 0}, 'SMARTStatus': 'Verified', 'Size': 245107195904, 'SolidState': True, 'SupportsGlobalPermissionsDisable': False, 'SystemImage': False, 'TotalSize': 245107195904, 'VirtualOrPhysical': 'Virtual', 'VolumeName': '', 'VolumeSize': 0, 'WholeDisk': True, 'Writable': True, 'WritableMedia': True, 'WritableVolume': False}
07-11 04:49 root         INFO     DiskUtil.find_system_disk()
07-11 04:49 root         INFO     System disk: disk0
07-11 04:49 root         INFO     MSG:   System disk: [mdisk0[m
07-11 04:49 root         INFO     DiskUtil.get_partitions('disk0')
07-11 04:49 root         INFO     DiskUtil.get_partition_info(dev='disk0s1', refresh_apfs=False)
07-11 04:49 root         DEBUG    get: diskutil ('info', '-plist', 'disk0s1')
07-11 04:49 root         DEBUG    Partition disk0s1: Partition(name='disk0s1', offset=24576, size=524288000, free=False, type='Apple_APFS_ISC', uuid='75A055A0-779B-4EA2-8B46-D2C87D33CA46', desc=None, label=None, info={'AESHardware': True, 'Bootable': False, 'BusProtocol': 'Apple Fabric', 'CanBeMadeBootable': False, 'CanBeMadeBootableRequiresDestroy': False, 'Content': 'Apple_APFS_ISC', 'DeviceBlockSize': 4096, 'DeviceIdentifier': 'disk0s1', 'DeviceNode': '/dev/disk0s1', 'DeviceTreePath': 'IODeviceTree:/arm-io@10F00000/ans@77400000/iop-ans-nub/AppleANS3NVMeController', 'DiskUUID': '75A055A0-779B-4EA2-8B46-D2C87D33CA46', 'Ejectable': False, 'EjectableMediaAutomaticUnderSoftwareControl': False, 'EjectableOnly': False, 'FreeSpace': 0, 'GlobalPermissionsEnabled': False, 'IOKitSize': 524288000, 'IORegistryEntryName': 'iBootSystemContainer', 'Internal': True, 'MediaName': '', 'MediaType': 'Generic', 'MountPoint': '', 'OSInternalMedia': False, 'ParentWholeDisk': 'disk0', 'PartitionMapPartition': True, 'PartitionMapPartitionOffset': 24576, 'RAIDMaster': False, 'RAIDSlice': False, 'Removable': False, 'RemovableMedia': False, 'RemovableMediaOrExternalDevice': False, 'SMARTDeviceSpecificKeysMayVaryNotGuaranteed': {'AVAILABLE_SPARE': 100, 'AVAILABLE_SPARE_THRESHOLD': 99, 'CONTROLLER_BUSY_TIME_0': 0, 'CONTROLLER_BUSY_TIME_1': 0, 'DATA_UNITS_READ_0': 22394335, 'DATA_UNITS_READ_1': 0, 'DATA_UNITS_WRITTEN_0': 12900989, 'DATA_UNITS_WRITTEN_1': 0, 'HOST_READ_COMMANDS_0': 339705255, 'HOST_READ_COMMANDS_1': 0, 'HOST_WRITE_COMMANDS_0': 157835207, 'HOST_WRITE_COMMANDS_1': 0, 'MEDIA_ERRORS_0': 0, 'MEDIA_ERRORS_1': 0, 'NUM_ERROR_INFO_LOG_ENTRIES_0': 0, 'NUM_ERROR_INFO_LOG_ENTRIES_1': 0, 'PERCENTAGE_USED': 0, 'POWER_CYCLES_0': 174, 'POWER_CYCLES_1': 0, 'POWER_ON_HOURS_0': 167, 'POWER_ON_HOURS_1': 0, 'TEMPERATURE': 302, 'UNSAFE_SHUTDOWNS_0': 36, 'UNSAFE_SHUTDOWNS_1': 0}, 'SMARTStatus': 'Verified', 'Size': 524288000, 'SolidState': True, 'SupportsGlobalPermissionsDisable': False, 'SystemImage': False, 'TotalSize': 524288000, 'VolumeName': '', 'VolumeSize': 0, 'WholeDisk': False, 'Writable': True, 'WritableMedia': True, 'WritableVolume': False}, container={'APFSContainerUUID': '4AA9AEB4-6A93-45EC-AB84-CCB6F00BBE08', 'CapacityCeiling': 524288000, 'CapacityFree': 504811520, 'ContainerReference': 'disk1', 'DesignatedPhysicalStore': 'disk0s1', 'Fusion': False, 'PhysicalStores': [{'DeviceIdentifier': 'disk0s1', 'DiskUUID': '75A055A0-779B-4EA2-8B46-D2C87D33CA46', 'Size': 524288000}], 'Volumes': [{'APFSVolumeUUID': '595EC73C-B300-455B-AA48-9E3BF616815B', 'CapacityInUse': 7688192, 'CapacityQuota': 0, 'CapacityReserve': 0, 'CryptoMigrationOn': False, 'DeviceIdentifier': 'disk1s1', 'Encryption': False, 'FileVault': False, 'Locked': False, 'Name': 'iSCPreboot', 'Roles': ['Preboot']}, {'APFSVolumeUUID': '2BC11729-35D4-41E3-B546-918FF000D5CD', 'CapacityInUse': 6311936, 'CapacityQuota': 0, 'CapacityReserve': 0, 'CryptoMigrationOn': False, 'DeviceIdentifier': 'disk1s2', 'Encryption': False, 'FileVault': False, 'Locked': False, 'Name': 'xART', 'Roles': ['xART']}, {'APFSVolumeUUID': 'C6D7F8D4-11E9-40BC-BCD0-11337A8A476F', 'CapacityInUse': 499712, 'CapacityQuota': 0, 'CapacityReserve': 0, 'CryptoMigrationOn': False, 'DeviceIdentifier': 'disk1s3', 'Encryption': False, 'FileVault': False, 'Locked': False, 'Name': 'Hardware', 'Roles': ['Hardware']}, {'APFSVolumeUUID': '9D01505B-B386-473A-AD63-1C540AFAA5A2', 'CapacityInUse': 20480, 'CapacityQuota': 0, 'CapacityReserve': 0, 'CryptoMigrationOn': False, 'DeviceIdentifier': 'disk1s4', 'Encryption': False, 'FileVault': False, 'Locked': False, 'Name': 'Recovery', 'Roles': ['Recovery']}], 'VolumeGroups': []}, os=None)
07-11 04:49 root         INFO     DiskUtil.get_partition_info(dev='disk0s2', refresh_apfs=False)
07-11 04:49 root         DEBUG    get: diskutil ('info', '-plist', 'disk0s2')
07-11 04:49 root         DEBUG    Partition disk0s2: Partition(name='disk0s2', offset=524312576, size=245107195904, free=False, type='Apple_APFS', uuid='DFA37151-05CD-48C7-8DC6-A1D882968DD3', desc=None, label='Macintosh HD', info={'AESHardware': True, 'APFSContainerReference': 'disk3', 'Bootable': True, 'BusProtocol': 'Apple Fabric', 'CanBeMadeBootable': False, 'CanBeMadeBootableRequiresDestroy': False, 'Content': 'Apple_APFS', 'DeviceBlockSize': 4096, 'DeviceIdentifier': 'disk0s2', 'DeviceNode': '/dev/disk0s2', 'DeviceTreePath': 'IODeviceTree:/arm-io@10F00000/ans@77400000/iop-ans-nub/AppleANS3NVMeController', 'DiskUUID': 'DFA37151-05CD-48C7-8DC6-A1D882968DD3', 'Ejectable': False, 'EjectableMediaAutomaticUnderSoftwareControl': False, 'EjectableOnly': False, 'FreeSpace': 0, 'Fusion': False, 'GlobalPermissionsEnabled': False, 'IOKitSize': 245107195904, 'IORegistryEntryName': 'Untitled 2', 'Internal': True, 'MediaName': '', 'MediaType': 'Generic', 'MountPoint': '', 'OSInternalMedia': False, 'ParentWholeDisk': 'disk0', 'PartitionMapPartition': True, 'PartitionMapPartitionOffset': 524312576, 'RAIDMaster': False, 'RAIDSlice': False, 'Removable': False, 'RemovableMedia': False, 'RemovableMediaOrExternalDevice': False, 'SMARTDeviceSpecificKeysMayVaryNotGuaranteed': {'AVAILABLE_SPARE': 100, 'AVAILABLE_SPARE_THRESHOLD': 99, 'CONTROLLER_BUSY_TIME_0': 0, 'CONTROLLER_BUSY_TIME_1': 0, 'DATA_UNITS_READ_0': 22394336, 'DATA_UNITS_READ_1': 0, 'DATA_UNITS_WRITTEN_0': 12900989, 'DATA_UNITS_WRITTEN_1': 0, 'HOST_READ_COMMANDS_0': 339705399, 'HOST_READ_COMMANDS_1': 0, 'HOST_WRITE_COMMANDS_0': 157835207, 'HOST_WRITE_COMMANDS_1': 0, 'MEDIA_ERRORS_0': 0, 'MEDIA_ERRORS_1': 0, 'NUM_ERROR_INFO_LOG_ENTRIES_0': 0, 'NUM_ERROR_INFO_LOG_ENTRIES_1': 0, 'PERCENTAGE_USED': 0, 'POWER_CYCLES_0': 174, 'POWER_CYCLES_1': 0, 'POWER_ON_HOURS_0': 167, 'POWER_ON_HOURS_1': 0, 'TEMPERATURE': 303, 'UNSAFE_SHUTDOWNS_0': 36, 'UNSAFE_SHUTDOWNS_1': 0}, 'SMARTStatus': 'Verified', 'Size': 245107195904, 'SolidState': True, 'SupportsGlobalPermissionsDisable': False, 'SystemImage': False, 'TotalSize': 245107195904, 'VolumeName': '', 'VolumeSize': 0, 'WholeDisk': False, 'Writable': True, 'WritableMedia': True, 'WritableVolume': False}, container={'APFSContainerUUID': '39426AE3-0DCD-4B6C-A400-755915D294B8', 'CapacityCeiling': 245107195904, 'CapacityFree': 59326611456, 'ContainerReference': 'disk3', 'DesignatedPhysicalStore': 'disk0s2', 'Fusion': False, 'PhysicalStores': [{'DeviceIdentifier': 'disk0s2', 'DiskUUID': 'DFA37151-05CD-48C7-8DC6-A1D882968DD3', 'Size': 245107195904}], 'Volumes': [{'APFSVolumeUUID': '9D5F6DAA-1BA4-4D16-8DF4-9D601AC246F0', 'CapacityInUse': 159408041984, 'CapacityQuota': 0, 'CapacityReserve': 0, 'CryptoMigrationOn': False, 'DeviceIdentifier': 'disk3s1', 'Encryption': True, 'FileVault': True, 'Locked': False, 'Name': 'Macintosh HD - Data', 'Roles': ['Data']}, {'APFSVolumeUUID': 'AAB0A713-B961-41B3-B4E3-FE8E20732E24', 'CapacityInUse': 693174272, 'CapacityQuota': 0, 'CapacityReserve': 0, 'CryptoMigrationOn': False, 'DeviceIdentifier': 'disk3s2', 'Encryption': False, 'FileVault': False, 'Locked': False, 'Name': 'Update', 'Roles': ['Update']}, {'APFSVolumeUUID': '76A0DFBB-3CD0-417C-9D12-1C2B0F6BE45D', 'CapacityInUse': 23292043264, 'CapacityQuota': 0, 'CapacityReserve': 0, 'CryptoMigrationOn': False, 'DeviceIdentifier': 'disk3s3', 'Encryption': True, 'FileVault': True, 'Locked': False, 'Name': 'Macintosh HD', 'Roles': ['System']}, {'APFSVolumeUUID': '0AEC6B3C-3E8B-4238-9E9A-34BD4F743130', 'CapacityInUse': 636354560, 'CapacityQuota': 0, 'CapacityReserve': 0, 'CryptoMigrationOn': False, 'DeviceIdentifier': 'disk3s4', 'Encryption': False, 'FileVault': False, 'Locked': False, 'Name': 'Preboot', 'Roles': ['Preboot']}, {'APFSVolumeUUID': '9151E258-8F7B-4E91-A205-3B193104FD13', 'CapacityInUse': 1613664256, 'CapacityQuota': 0, 'CapacityReserve': 0, 'CryptoMigrationOn': False, 'DeviceIdentifier': 'disk3s5', 'Encryption': False, 'FileVault': False, 'Locked': False, 'Name': 'Recovery', 'Roles': ['Recovery']}, {'APFSVolumeUUID': '3BABABAC-5F6F-408C-8619-C3FAB978FD14', 'CapacityInUse': 20480, 'CapacityQuota': 0, 'CapacityReserve': 0, 'CryptoMigrationOn': False, 'DeviceIdentifier': 'disk3s6', 'Encryption': False, 'FileVault': False, 'Locked': False, 'Name': 'VM', 'Roles': ['VM']}], 'VolumeGroups': [{'APFSVolumeGroupUUID': '9D5F6DAA-1BA4-4D16-8DF4-9D601AC246F0', 'Volumes': [{'DeviceIdentifier': 'disk3s1', 'DiskUUID': '9D5F6DAA-1BA4-4D16-8DF4-9D601AC246F0', 'NoBrowseRole': False, 'Role': 'Data'}, {'DeviceIdentifier': 'disk3s3', 'DiskUUID': '76A0DFBB-3CD0-417C-9D12-1C2B0F6BE45D', 'NoBrowseRole': False, 'Role': 'System'}]}]}, os=None)
07-11 04:49 root         INFO     DiskUtil.get_partition_info(dev='disk0s3', refresh_apfs=False)
07-11 04:49 root         DEBUG    get: diskutil ('info', '-plist', 'disk0s3')
07-11 04:49 root         DEBUG    Partition disk0s3: Partition(name='disk0s3', offset=245631508480, size=5368664064, free=False, type='Apple_APFS_Recovery', uuid='D0B8463F-0262-4459-A411-905EC7305CCB', desc=None, label=None, info={'AESHardware': True, 'Bootable': False, 'BusProtocol': 'Apple Fabric', 'CanBeMadeBootable': False, 'CanBeMadeBootableRequiresDestroy': False, 'Content': 'Apple_APFS_Recovery', 'DeviceBlockSize': 4096, 'DeviceIdentifier': 'disk0s3', 'DeviceNode': '/dev/disk0s3', 'DeviceTreePath': 'IODeviceTree:/arm-io@10F00000/ans@77400000/iop-ans-nub/AppleANS3NVMeController', 'DiskUUID': 'D0B8463F-0262-4459-A411-905EC7305CCB', 'Ejectable': False, 'EjectableMediaAutomaticUnderSoftwareControl': False, 'EjectableOnly': False, 'FreeSpace': 0, 'GlobalPermissionsEnabled': False, 'IOKitSize': 5368664064, 'IORegistryEntryName': 'RecoveryOSContainer', 'Internal': True, 'MediaName': '', 'MediaType': 'Generic', 'MountPoint': '', 'OSInternalMedia': False, 'ParentWholeDisk': 'disk0', 'PartitionMapPartition': True, 'PartitionMapPartitionOffset': 245631508480, 'RAIDMaster': False, 'RAIDSlice': False, 'Removable': False, 'RemovableMedia': False, 'RemovableMediaOrExternalDevice': False, 'SMARTDeviceSpecificKeysMayVaryNotGuaranteed': {'AVAILABLE_SPARE': 100, 'AVAILABLE_SPARE_THRESHOLD': 99, 'CONTROLLER_BUSY_TIME_0': 0, 'CONTROLLER_BUSY_TIME_1': 0, 'DATA_UNITS_READ_0': 22394338, 'DATA_UNITS_READ_1': 0, 'DATA_UNITS_WRITTEN_0': 12900989, 'DATA_UNITS_WRITTEN_1': 0, 'HOST_READ_COMMANDS_0': 339705559, 'HOST_READ_COMMANDS_1': 0, 'HOST_WRITE_COMMANDS_0': 157835207, 'HOST_WRITE_COMMANDS_1': 0, 'MEDIA_ERRORS_0': 0, 'MEDIA_ERRORS_1': 0, 'NUM_ERROR_INFO_LOG_ENTRIES_0': 0, 'NUM_ERROR_INFO_LOG_ENTRIES_1': 0, 'PERCENTAGE_USED': 0, 'POWER_CYCLES_0': 174, 'POWER_CYCLES_1': 0, 'POWER_ON_HOURS_0': 167, 'POWER_ON_HOURS_1': 0, 'TEMPERATURE': 303, 'UNSAFE_SHUTDOWNS_0': 36, 'UNSAFE_SHUTDOWNS_1': 0}, 'SMARTStatus': 'Verified', 'Size': 5368664064, 'SolidState': True, 'SupportsGlobalPermissionsDisable': False, 'SystemImage': False, 'TotalSize': 5368664064, 'VolumeName': '', 'VolumeSize': 0, 'WholeDisk': False, 'Writable': True, 'WritableMedia': True, 'WritableVolume': False}, container={'APFSContainerUUID': '1428F4C8-8C07-4F6E-BB16-6CEBFF140E03', 'CapacityCeiling': 5368664064, 'CapacityFree': 3644071936, 'ContainerReference': 'disk2', 'DesignatedPhysicalStore': 'disk0s3', 'Fusion': False, 'PhysicalStores': [{'DeviceIdentifier': 'disk0s3', 'DiskUUID': 'D0B8463F-0262-4459-A411-905EC7305CCB', 'Size': 5368664064}], 'Volumes': [{'APFSVolumeUUID': '5BC37D30-E9EB-4EFD-9059-EED6BFEFE75E', 'CapacityInUse': 1704697856, 'CapacityQuota': 0, 'CapacityReserve': 0, 'CryptoMigrationOn': False, 'DeviceIdentifier': 'disk2s1', 'Encryption': False, 'FileVault': False, 'Locked': False, 'Name': 'Recovery', 'Roles': ['Recovery']}, {'APFSVolumeUUID': '967B6AAC-AE61-454C-A352-689600D07061', 'CapacityInUse': 151552, 'CapacityQuota': 0, 'CapacityReserve': 0, 'CryptoMigrationOn': False, 'DeviceIdentifier': 'disk2s2', 'Encryption': False, 'FileVault': False, 'Locked': False, 'Name': 'Update', 'Roles': ['Update']}], 'VolumeGroups': []}, os=None)
07-11 04:49 root         INFO     MSG: Collecting OS information...
07-11 04:49 root         INFO     OSEnum.collect()
07-11 04:49 root         INFO     OSEnum.collect_part(part=disk0s1)
07-11 04:49 root         INFO     OSEnum.collect_part(part=disk0s2)
07-11 04:49 root         INFO     OSEnum.collect_os(part=disk0s2, vgid=9D5F6DAA-1BA4-4D16-8DF4-9D601AC246F0)
07-11 04:49 root         DEBUG    run: diskutil ('mount', 'disk3s4')
07-11 04:49 root         DEBUG    process output: b'Volume Preboot on disk3s4 mounted\n'
07-11 04:49 root         DEBUG    get: diskutil ('info', '-plist', 'disk3s4')
07-11 04:49 root         INFO       mounts[Preboot]: /System/Volumes/Preboot
07-11 04:49 root         DEBUG    run: diskutil ('mount', 'disk3s5')
07-11 04:49 root         DEBUG    process output: b'Volume Recovery on disk3s5 mounted\n'
07-11 04:49 root         DEBUG    get: diskutil ('info', '-plist', 'disk3s5')
07-11 04:49 root         INFO       mounts[Recovery]: /Volumes/Recovery
07-11 04:49 root         DEBUG    run: diskutil ('mount', 'disk3s3')
07-11 04:49 root         DEBUG    process output: b'Volume Macintosh HD on disk3s3 mounted\n'
07-11 04:49 root         DEBUG    get: diskutil ('info', '-plist', 'disk3s3')
07-11 04:49 root         INFO       mounts[System]: /System/Volumes/Update/mnt1
07-11 04:49 root         DEBUG    run: diskutil ('mount', 'disk3s1')
07-11 04:49 root         DEBUG    process output: b'Volume Macintosh HD - Data on disk3s1 mounted\n'
07-11 04:49 root         DEBUG    get: diskutil ('info', '-plist', 'disk3s1')
07-11 04:49 root         INFO       mounts[Data]: /System/Volumes/Data
07-11 04:49 root         INFO       Trying SystemVersion.plist...
07-11 04:49 root         INFO         Version: 12.5
07-11 04:49 root         INFO       Admin users: ['gorhinstroebel']
07-11 04:49 root         INFO       BootPolicy[coih] = None
07-11 04:49 root         INFO       BootPolicy[nsih] = 6D6D7D0EC8BE5FCE4E1A46D7F63CB209C870A039239E831C601A1C0E0B8EF141D75E3E655AB2957F624D948610B2608B
07-11 04:49 root         INFO      Found [[1mMacintosh HD[m] [1;32mmacOS v12.5[m [disk3s3, 9D5F6DAA-1BA4-4D16-8DF4-9D601AC246F0]
07-11 04:49 root         INFO     OSEnum.collect_recovery(part=disk0s3)
07-11 04:49 root         INFO      Found SROS: recoveryOS v12.4 [Primary recoveryOS]
07-11 04:49 root         INFO     Checking resizability of disk0s2
07-11 04:49 root         INFO       Min space required: 1500000000
07-11 04:49 root         INFO       Free space: 59326611456
07-11 04:49 root         INFO       Can resize
07-11 04:49 root         INFO     Checking resizability of disk0s3
07-11 04:49 root         INFO       Min space required: 1500000000
07-11 04:49 root         INFO       Free space: 3644071936
07-11 04:49 root         INFO       Can resize
07-11 04:49 root         INFO     MSG: Partitions in system disk (disk0):
07-11 04:49 root         INFO     MSG:   [1m1[m: APFS [Macintosh HD] (245.11 GB, 6 volumes)[m
07-11 04:49 root         INFO     MSG:     OS: [[32mB[m[1m*[m] [[1mMacintosh HD[m] [1;32mmacOS v12.5[m [disk3s3, 9D5F6DAA-1BA4-4D16-8DF4-9D601AC246F0][m
07-11 04:49 root         INFO     MSG:   [1m2[m: APFS (System Recovery) (5.37 GB, 2 volumes)[m
07-11 04:49 root         INFO     MSG:     OS: [  ] recoveryOS v12.4 [Primary recoveryOS]
07-11 04:49 root         INFO     MSG:   [[32mB[m ] = Booted OS, [[33mR[m ] = Booted recovery, [[31m?[m ] = Unknown[m
07-11 04:49 root         INFO     MSG:   [ [1m*[m] = Default boot volume[m
07-11 04:49 root         INFO     MSG: Using OS 'Macintosh HD' (disk3s3) for machine authentication.
07-11 04:49 root         INFO     Current OS: Macintosh HD / disk3s3
07-11 04:49 root         INFO     MSG: Choose what to do:
07-11 04:49 root         INFO     MSG:   [1mr[22m: Resize an existing partition to make space for a new OS[m
07-11 04:49 root         INFO     MSG:   [1mq[22m: Quit without doing anything[m
07-11 04:49 root         INFO     MSG: [1;37m»[1;36m Action (r): [m
07-11 04:59 root         INFO     INPUT: 'r'
07-11 04:59 root         INFO     MSG: Choose an existing partition to resize:
07-11 04:59 root         INFO     MSG:   [1m1[22m: APFS [Macintosh HD] (245.11 GB, 6 volumes)[m
07-11 04:59 root         INFO     MSG:   [1m2[22m: APFS (System Recovery) (5.37 GB, 2 volumes)[m
07-11 04:59 root         INFO     MSG: [1;37m»[1;36m Partition: [m
07-11 04:59 root         INFO     INPUT: '1'
07-11 04:59 root         INFO     MSG: We're going to resize this partition:
07-11 04:59 root         INFO     MSG:   APFS [Macintosh HD] (245.11 GB, 6 volumes)
07-11 04:59 root         INFO     MSG:   Total size: [m245.11 GB[m
07-11 04:59 root         INFO     MSG:   Free space: [m59.33 GB[m
07-11 04:59 root         INFO     MSG:   Minimum free space: [m1.00 GB[m
07-11 04:59 root         INFO     MSG:   Minimum total size: [m186.78 GB (76.20%)[m
07-11 04:59 root         INFO     MSG: Enter the new size for your existing partition:
07-11 04:59 root         INFO     MSG:   You can enter a size such as '1GB', a fraction such as '50%',
07-11 04:59 root         INFO     MSG:   or the word 'min' for the smallest allowable size.
07-11 04:59 root         INFO     MSG:   Examples:
07-11 04:59 root         INFO     MSG:   30%  - 30% to macOS, 70% to the new OS
07-11 04:59 root         INFO     MSG:   80GB - 80GB to macOS, the rest to your new OS
07-11 04:59 root         INFO     MSG:   min  - Shrink macOS as much as (safely) possible
07-11 04:59 root         INFO     MSG: [1;37m»[1;36m New size (min): [m
07-11 05:01 root         INFO     INPUT: '75%'
07-11 05:01 root         INFO     MSG: Size is too small, please enter a value > 186.78 GB (76.20%)
07-11 05:01 root         INFO     MSG: [1;37m»[1;36m New size (min): [m
07-11 05:02 root         INFO     INPUT: '80%'
07-11 05:02 root         INFO     MSG: Resizing will free up 49.02 GB of space.
07-11 05:02 root         INFO     MSG: Note: your system may appear to freeze during the resize.
07-11 05:02 root         INFO     MSG: This is normal, just wait until the process completes.
07-11 05:02 root         INFO     MSG: [1;37m»[1;36m Continue? (y/N): [m
07-11 05:02 root         INFO     INPUT: 'y'
07-11 05:02 root         DEBUG    run: diskutil ('apfs', 'resizeContainer', 'disk0s2', '196084760576')
07-11 05:05 root         INFO     MSG: Failed to run process: diskutil apfs resizeContainer disk0s2 196084760576
07-11 05:05 root         ERROR    Process execution failed
Traceback (most recent call last):
  File "/private/tmp/asahi-install/main.py", line 820, in <module>
    InstallerMain().main()
  File "/private/tmp/asahi-install/main.py", line 672, in main
    while self.main_loop():
  File "/private/tmp/asahi-install/main.py", line 792, in main_loop
    return self.action_resize(parts_resizable)
  File "/private/tmp/asahi-install/main.py", line 612, in action_resize
    self.dutil.resizeContainer(target.name, val)
  File "/private/tmp/asahi-install/diskutil.py", line 208, in resizeContainer
    self.action("apfs", "resizeContainer", name, size, verbose=2)
  File "/private/tmp/asahi-install/diskutil.py", line 38, in action
    subprocess.run(["diskutil"] + list(args), check=True)
  File "/private/tmp/asahi-install/Frameworks/Python.framework/Versions/3.9/lib/python3.9/subprocess.py", line 528, in run
    raise CalledProcessError(retcode, process.args,
subprocess.CalledProcessError: Command '['diskutil', 'apfs', 'resizeContainer', 'disk0s2', '196084760576']' returned non-zero exit status 1.
07-11 05:05 root         INFO     MSG: If you need to file a bug report, please attach the log file:
07-11 05:05 root         INFO     MSG:   /private/tmp/asahi-install/installer.log
